{"target": 40.997709627980015, "params": {"A_gp": 2.251066014107722, "A_theta": 5.881297973768632, "A_v": 3.0002859370433623, "B_safety": 3.720933029052736}, "datetime": {"datetime": "2026-04-06 16:27:26", "elapsed": 0.0, "delta": 0.0}}
{"target": 43.9742272172466, "params": {"A_gp": 4.0, "A_theta": 3.08619877009848, "A_v": 5.5, "B_safety": 3.6302879688721212}, "datetime": {"datetime": "2026-04-06 16:29:11", "elapsed": 105.277839, "delta": 105.277839}}
{"target": 51.202937863883776, "params": {"A_gp": 2.327671952366387, "A_theta": 4.653882831736268, "A_v": 4.3695123644641765, "B_safety": 3.8976806326300943}, "datetime": {"datetime": "2026-04-06 16:31:00", "elapsed": 214.19991, "delta": 108.922071}}
{"target": 52.03292118102036, "params": {"A_gp": 2.3357273246141084, "A_theta": 4.678460849731229, "A_v": 4.411627055269589, "B_safety": 3.8912488509488146}, "datetime": {"datetime": "2026-04-06 16:32:10", "elapsed": 284.683472, "delta": 70.483562}}
{"target": 50.77647626824894, "params": {"A_gp": 1.0636188209578865, "A_theta": 6.231524958506885, "A_v": 5.412138852757971, "B_safety": 3.8808292108974385}, "datetime": {"datetime": "2026-04-06 16:34:24", "elapsed": 418.346024, "delta": 133.662552}}
{"target": 46.51282119503344, "params": {"A_gp": 2.371082818572129, "A_theta": 4.786204124688495, "A_v": 4.597068919678447, "B_safety": 3.863034978695714}, "datetime": {"datetime": "2026-04-06 16:35:34", "elapsed": 488.889634, "delta": 70.54361}}
