{"target": 34.84159607031277, "params": {"C_base": 11.668088018810296, "K_g": 8.321946960652948}, "datetime": {"datetime": "2026-04-03 14:01:56", "elapsed": 0.0, "delta": 0.0}}
{"target": 34.61587139365042, "params": {"C_base": 13.88615460007711, "K_g": 4.008221905741802}, "datetime": {"datetime": "2026-04-03 14:06:04", "elapsed": 248.866003, "delta": 248.866003}}
{"target": 30.027476046177718, "params": {"C_base": 11.682353952830374, "K_g": 8.32855978097318}, "datetime": {"datetime": "2026-04-03 14:07:57", "elapsed": 360.98898, "delta": 112.122977}}
{"target": 39.84787025461176, "params": {"C_base": 10.597226852694918, "K_g": 7.772870584016576}, "datetime": {"datetime": "2026-04-03 14:09:24", "elapsed": 448.514922, "delta": 87.525942}}
{"target": 42.36785090960186, "params": {"C_base": 10.344288392124414, "K_g": 8.55214802537539}, "datetime": {"datetime": "2026-04-03 14:14:15", "elapsed": 739.363651, "delta": 290.848729}}
{"target": 42.86285090960186, "params": {"C_base": 10.352684141929092, "K_g": 8.537821464446301}, "datetime": {"datetime": "2026-04-03 14:14:24", "elapsed": 748.771703, "delta": 9.408052}}
{"target": 57.07782900826531, "params": {"C_base": 13.550788124226035, "K_g": 6.683201497677826}, "datetime": {"datetime": "2026-04-03 14:16:10", "elapsed": 854.663196, "delta": 105.891493}}
{"target": 62.196708167227314, "params": {"C_base": 13.569892869762233, "K_g": 6.679285812606122}, "datetime": {"datetime": "2026-04-03 14:21:45", "elapsed": 1189.166034, "delta": 334.502838}}
{"target": 63.13760669280304, "params": {"C_base": 13.584593293918232, "K_g": 6.649830376727672}, "datetime": {"datetime": "2026-04-03 14:22:44", "elapsed": 1248.052467, "delta": 58.886433}}
