{"target": 25.943536562326578, "params": {"C_base": 11.668088018810296, "K_g": 8.321946960652948}, "datetime": {"datetime": "2026-04-09 16:10:42", "elapsed": 0.0, "delta": 0.0}}
{"target": 36.97318140333704, "params": {"C_base": 13.88615460007711, "K_g": 4.008221905741802}, "datetime": {"datetime": "2026-04-09 16:12:06", "elapsed": 83.489194, "delta": 83.489194}}
{"target": 47.39938779263723, "params": {"C_base": 13.899831159277289, "K_g": 4.008875026703539}, "datetime": {"datetime": "2026-04-09 16:12:56", "elapsed": 134.092562, "delta": 50.603368}}
{"target": 43.18202181805039, "params": {"C_base": 10.597226852694918, "K_g": 7.772870584016576}, "datetime": {"datetime": "2026-04-09 16:13:44", "elapsed": 181.267152, "delta": 47.17459}}
{"target": 40.7297608651553, "params": {"C_base": 10.344288392124414, "K_g": 8.55214802537539}, "datetime": {"datetime": "2026-04-09 16:14:36", "elapsed": 233.914873, "delta": 52.647721}}
{"target": 57.143670133448666, "params": {"C_base": 11.582509648639046, "K_g": 4.9687490311277225}, "datetime": {"datetime": "2026-04-09 16:15:25", "elapsed": 283.233207, "delta": 49.318334}}
{"target": 66.63616288953298, "params": {"C_base": 13.550788124226035, "K_g": 6.683201497677826}, "datetime": {"datetime": "2026-04-09 16:16:21", "elapsed": 339.146167, "delta": 55.91296}}
{"target": 58.09792778292824, "params": {"C_base": 11.729176675963613, "K_g": 6.112117725918013}, "datetime": {"datetime": "2026-04-09 16:18:07", "elapsed": 444.739628, "delta": 105.593461}}
{"target": 66.97286607290047, "params": {"C_base": 13.55295301146677, "K_g": 6.6705415539749}, "datetime": {"datetime": "2026-04-09 16:18:57", "elapsed": 494.989079, "delta": 50.249451}}
