{"target": 22.958148834463938, "params": {"C_base": 11.668088018810296, "K_g": 8.321946960652948}, "datetime": {"datetime": "2026-04-06 16:07:38", "elapsed": 0.0, "delta": 0.0}}
{"target": 25.587110106700855, "params": {"C_base": 13.88615460007711, "K_g": 4.008221905741802}, "datetime": {"datetime": "2026-04-06 16:09:09", "elapsed": 90.905701, "delta": 90.905701}}
{"target": 36.54697440472675, "params": {"C_base": 13.899831159277289, "K_g": 4.008875026703539}, "datetime": {"datetime": "2026-04-06 16:15:10", "elapsed": 452.176871, "delta": 361.27117}}
{"target": 27.004126573813146, "params": {"C_base": 10.597226852694918, "K_g": 7.772870584016576}, "datetime": {"datetime": "2026-04-06 16:17:30", "elapsed": 592.242557, "delta": 140.065686}}
{"target": 35.4651569867512, "params": {"C_base": 11.582509648639046, "K_g": 4.9687490311277225}, "datetime": {"datetime": "2026-04-06 16:19:06", "elapsed": 687.644296, "delta": 95.401739}}
{"target": 33.98367229505223, "params": {"C_base": 13.550788124226035, "K_g": 6.683201497677826}, "datetime": {"datetime": "2026-04-06 16:20:47", "elapsed": 788.471068, "delta": 100.826772}}
{"target": 39.68815597284745, "params": {"C_base": 11.729176675963613, "K_g": 6.112117725918013}, "datetime": {"datetime": "2026-04-06 16:22:24", "elapsed": 886.231543, "delta": 97.760475}}
{"target": 32.614249025735255, "params": {"C_base": 12.439598046625306, "K_g": 6.357254178831473}, "datetime": {"datetime": "2026-04-06 16:23:43", "elapsed": 964.908671, "delta": 78.677128}}
