{"target": 37.329054832177434, "params": {"A_gp": 2.251066014107722, "A_theta": 5.881297973768632, "A_v": 3.0002859370433623, "B_safety": 3.720933029052736}, "datetime": {"datetime": "2026-04-01 16:10:00", "elapsed": 0.0, "delta": 0.0}}
{"target": 34.332121538966696, "params": {"A_gp": 4.0, "A_theta": 3.08619877009848, "A_v": 5.5, "B_safety": 3.6302879688721212}, "datetime": {"datetime": "2026-04-01 16:12:27", "elapsed": 146.297559, "delta": 146.297559}}
{"target": 41.56327545408, "params": {"A_gp": 2.327671952366387, "A_theta": 4.653882831736268, "A_v": 4.3695123644641765, "B_safety": 3.8976806326300943}, "datetime": {"datetime": "2026-04-01 16:14:36", "elapsed": 275.568453, "delta": 129.270894}}
{"target": 40.99656060798125, "params": {"A_gp": 2.3357273246141084, "A_theta": 4.678460849731229, "A_v": 4.411627055269589, "B_safety": 3.8912488509488146}, "datetime": {"datetime": "2026-04-01 16:15:44", "elapsed": 343.302554, "delta": 67.734101}}
{"target": 40.811018647926275, "params": {"A_gp": 1.0636188209578865, "A_theta": 6.231524958506885, "A_v": 5.412138852757971, "B_safety": 3.8808292108974385}, "datetime": {"datetime": "2026-04-01 16:17:32", "elapsed": 451.485968, "delta": 108.183414}}
{"target": 49.886817557707886, "params": {"A_gp": 2.2949116589467016, "A_theta": 4.553815277583111, "A_v": 4.1983396644297235, "B_safety": 3.923855971837864}, "datetime": {"datetime": "2026-04-01 16:19:54", "elapsed": 593.690453, "delta": 142.204485}}
