{"target": 17.35798697395839, "params": {"C_base": 9.818214258677957, "K_g": 10.790575538934327}, "datetime": {"datetime": "2026-04-01 15:38:44", "elapsed": 0.0, "delta": 0.0}}
{"target": 12.72231287244632, "params": {"C_base": 13.470017170985855, "K_g": 10.640551668635007}, "datetime": {"datetime": "2026-04-01 15:43:12", "elapsed": 268.453514, "delta": 268.453514}}
{"target": 12.173501484242692, "params": {"C_base": 7.343760418563566, "K_g": 10.51524705601105}, "datetime": {"datetime": "2026-04-01 15:46:03", "elapsed": 439.217383, "delta": 170.763869}}
{"target": 23.550599515558876, "params": {"C_base": 6.774648882279929, "K_g": 11.034765350250261}, "datetime": {"datetime": "2026-04-01 15:48:55", "elapsed": 611.279645, "delta": 172.062262}}
{"target": 33.38061715780064, "params": {"C_base": 9.560646709437853, "K_g": 8.645832687418482}, "datetime": {"datetime": "2026-04-01 15:51:33", "elapsed": 769.163915, "delta": 157.88427}}
{"target": 42.85853446085718, "params": {"C_base": 13.989273279508579, "K_g": 9.788800998451883}, "datetime": {"datetime": "2026-04-01 15:56:20", "elapsed": 1055.772544, "delta": 286.608629}}
{"target": 36.763255772953755, "params": {"C_base": 9.890647520918128, "K_g": 9.408078483945342}, "datetime": {"datetime": "2026-04-01 16:03:00", "elapsed": 1455.613573, "delta": 399.841029}}
{"target": 37.992363863119735, "params": {"C_base": 11.489095604906941, "K_g": 9.571502785887649}, "datetime": {"datetime": "2026-04-01 16:05:20", "elapsed": 1596.264985, "delta": 140.651412}}
{"target": 42.93149198535975, "params": {"C_base": 10.978811801615047, "K_g": 10.808192797812778}, "datetime": {"datetime": "2026-04-01 16:07:45", "elapsed": 1741.512907, "delta": 145.247922}}
