{"target": 47.59642818762121, "params": {"C_base": 11.668088018810296, "K_g": 8.321946960652948}, "datetime": {"datetime": "2026-04-03 09:59:20", "elapsed": 0.0, "delta": 0.0}}
{"target": 30.509414548133645, "params": {"C_base": 13.88615460007711, "K_g": 4.008221905741802}, "datetime": {"datetime": "2026-04-03 10:00:48", "elapsed": 87.448573, "delta": 87.448573}}
{"target": 38.08705802966195, "params": {"C_base": 11.682353952830374, "K_g": 8.32855978097318}, "datetime": {"datetime": "2026-04-03 10:03:01", "elapsed": 221.081373, "delta": 133.6328}}
{"target": 36.93361243762965, "params": {"C_base": 10.597226852694918, "K_g": 7.772870584016576}, "datetime": {"datetime": "2026-04-03 10:05:57", "elapsed": 397.002765, "delta": 175.921392}}
{"target": 47.92386410853661, "params": {"C_base": 10.344288392124414, "K_g": 8.55214802537539}, "datetime": {"datetime": "2026-04-03 10:07:07", "elapsed": 467.246504, "delta": 70.243739}}
{"target": 48.38662460799121, "params": {"C_base": 11.582509648639046, "K_g": 4.9687490311277225}, "datetime": {"datetime": "2026-04-03 10:10:06", "elapsed": 645.652262, "delta": 178.405758}}
{"target": 37.37281594746987, "params": {"C_base": 13.550788124226035, "K_g": 6.683201497677826}, "datetime": {"datetime": "2026-04-03 10:11:49", "elapsed": 748.784418, "delta": 103.132156}}
{"target": 58.881726537659915, "params": {"C_base": 11.729176675963613, "K_g": 6.112117725918013}, "datetime": {"datetime": "2026-04-03 10:14:28", "elapsed": 907.419785, "delta": 158.635367}}
{"target": 53.67479753806023, "params": {"C_base": 12.439598046625306, "K_g": 6.357254178831473}, "datetime": {"datetime": "2026-04-03 10:15:46", "elapsed": 985.789954, "delta": 78.370169}}
