{"target": 46.236157079644045, "params": {"A_gp": 2.251066014107722, "A_theta": 5.881297973768632, "A_v": 3.0002859370433623, "B_safety": 3.720933029052736}, "datetime": {"datetime": "2026-04-03 10:16:53", "elapsed": 0.0, "delta": 0.0}}
{"target": 58.8553207233056, "params": {"A_gp": 4.0, "A_theta": 3.08619877009848, "A_v": 5.5, "B_safety": 3.6302879688721212}, "datetime": {"datetime": "2026-04-03 10:18:02", "elapsed": 68.982663, "delta": 68.982663}}
{"target": 54.482746750743395, "params": {"A_gp": 2.327671952366387, "A_theta": 4.653882831736268, "A_v": 4.3695123644641765, "B_safety": 3.8976806326300943}, "datetime": {"datetime": "2026-04-03 10:18:55", "elapsed": 121.920762, "delta": 52.938099}}
{"target": 54.410634958240024, "params": {"A_gp": 2.252163132973055, "A_theta": 4.628285795238272, "A_v": 4.424680868208455, "B_safety": 3.828077489162437}, "datetime": {"datetime": "2026-04-03 10:20:02", "elapsed": 188.372218, "delta": 66.451456}}
{"target": 58.216354377532895, "params": {"A_gp": 3.9371815668827197, "A_theta": 4.031614634324789, "A_v": 5.5, "B_safety": 4.0}, "datetime": {"datetime": "2026-04-03 10:21:04", "elapsed": 251.087396, "delta": 62.715178}}
{"target": 59.933900507240494, "params": {"A_gp": 4.0, "A_theta": 3.0, "A_v": 4.36028976481758, "B_safety": 4.0}, "datetime": {"datetime": "2026-04-03 10:22:11", "elapsed": 318.008585, "delta": 66.921189}}
